<?xml version="1.0" encoding="UTF-8"?>
<testsuite xmlns:xsi="http://www.w3.org/2001/XMLSchema-instance" xsi:noNamespaceSchemaLocation="https://maven.apache.org/surefire/maven-surefire-plugin/xsd/surefire-test-report.xsd" name="com.fcy.client.UruleClientApplicationTests" time="2.31" tests="1" errors="1" skipped="0" failures="0">
  <properties>
[...]
</properties>
  <testcase name="contextLoads" classname="com.fcy.client.UruleClientApplicationTests" time="0.115">
    <error message="com.bstek.urule.RuleException: Server request was failed, Response message : null" type="com.bstek.urule.RuleException">com.bstek.urule.RuleException: com.bstek.urule.RuleException: Server request was failed, Response message : null
	at com.fcy.client.UruleClientApplicationTests.st3(UruleClientApplicationTests.java:72)
	at com.fcy.client.UruleClientApplicationTests.contextLoads(UruleClientApplicationTests.java:24)
Caused by: com.bstek.urule.RuleException: Server request was failed, Response message : null
	at com.fcy.client.UruleClientApplicationTests.st3(UruleClientApplicationTests.java:72)
	at com.fcy.client.UruleClientApplicationTests.contextLoads(UruleClientApplicationTests.java:24)
</error>
    <system-out><![CDATA[15:33:49.570 [main] DEBUG org.springframework.test.context.junit4.SpringJUnit4ClassRunner - SpringJUnit4ClassRunner constructor called with [class com.fcy.client.UruleClientApplicationTests]
15:33:49.574 [main] DEBUG org.springframework.test.context.BootstrapUtils - Instantiating CacheAwareContextLoaderDelegate from class [org.springframework.test.context.cache.DefaultCacheAwareContextLoaderDelegate]
15:33:49.579 [main] DEBUG org.springframework.test.context.BootstrapUtils - Instantiating BootstrapContext using constructor [public org.springframework.test.context.support.DefaultBootstrapContext(java.lang.Class,org.springframework.test.context.CacheAwareContextLoaderDelegate)]
15:33:49.592 [main] DEBUG org.springframework.test.context.BootstrapUtils - Instantiating TestContextBootstrapper for test class [com.fcy.client.UruleClientApplicationTests] from class [org.springframework.boot.test.context.SpringBootTestContextBootstrapper]
15:33:49.601 [main] INFO org.springframework.boot.test.context.SpringBootTestContextBootstrapper - Neither @ContextConfiguration nor @ContextHierarchy found for test class [com.fcy.client.UruleClientApplicationTests], using SpringBootContextLoader
15:33:49.603 [main] DEBUG org.springframework.test.context.support.AbstractContextLoader - Did not detect default resource location for test class [com.fcy.client.UruleClientApplicationTests]: class path resource [com/fcy/client/UruleClientApplicationTests-context.xml] does not exist
15:33:49.604 [main] DEBUG org.springframework.test.context.support.AbstractContextLoader - Did not detect default resource location for test class [com.fcy.client.UruleClientApplicationTests]: class path resource [com/fcy/client/UruleClientApplicationTestsContext.groovy] does not exist
15:33:49.604 [main] INFO org.springframework.test.context.support.AbstractContextLoader - Could not detect default resource locations for test class [com.fcy.client.UruleClientApplicationTests]: no resource found for suffixes {-context.xml, Context.groovy}.
15:33:49.604 [main] INFO org.springframework.test.context.support.AnnotationConfigContextLoaderUtils - Could not detect default configuration classes for test class [com.fcy.client.UruleClientApplicationTests]: UruleClientApplicationTests does not declare any static, non-private, non-final, nested classes annotated with @Configuration.
15:33:49.632 [main] DEBUG org.springframework.test.context.support.ActiveProfilesUtils - Could not find an 'annotation declaring class' for annotation type [org.springframework.test.context.ActiveProfiles] and class [com.fcy.client.UruleClientApplicationTests]
15:33:49.693 [main] DEBUG org.springframework.context.annotation.ClassPathScanningCandidateComponentProvider - Identified candidate component class: file [D:\eclipse_workspace\urule-client\target\classes\com\fcy\client\UruleClientApplication.class]
15:33:49.694 [main] INFO org.springframework.boot.test.context.SpringBootTestContextBootstrapper - Found @SpringBootConfiguration com.fcy.client.UruleClientApplication for test class com.fcy.client.UruleClientApplicationTests
15:33:49.757 [main] DEBUG org.springframework.boot.test.context.SpringBootTestContextBootstrapper - @TestExecutionListeners is not present for class [com.fcy.client.UruleClientApplicationTests]: using defaults.
15:33:49.757 [main] INFO org.springframework.boot.test.context.SpringBootTestContextBootstrapper - Loaded default TestExecutionListener class names from location [META-INF/spring.factories]: [org.springframework.boot.test.mock.mockito.MockitoTestExecutionListener, org.springframework.boot.test.mock.mockito.ResetMocksTestExecutionListener, org.springframework.boot.test.autoconfigure.restdocs.RestDocsTestExecutionListener, org.springframework.boot.test.autoconfigure.web.client.MockRestServiceServerResetTestExecutionListener, org.springframework.boot.test.autoconfigure.web.servlet.MockMvcPrintOnlyOnFailureTestExecutionListener, org.springframework.boot.test.autoconfigure.web.servlet.WebDriverTestExecutionListener, org.springframework.test.context.web.ServletTestExecutionListener, org.springframework.test.context.support.DirtiesContextBeforeModesTestExecutionListener, org.springframework.test.context.support.DependencyInjectionTestExecutionListener, org.springframework.test.context.support.DirtiesContextTestExecutionListener, org.springframework.test.context.transaction.TransactionalTestExecutionListener, org.springframework.test.context.jdbc.SqlScriptsTestExecutionListener]
15:33:49.765 [main] DEBUG org.springframework.boot.test.context.SpringBootTestContextBootstrapper - Skipping candidate TestExecutionListener [org.springframework.test.context.transaction.TransactionalTestExecutionListener] due to a missing dependency. Specify custom listener classes or make the default listener classes and their required dependencies available. Offending class: [org/springframework/transaction/interceptor/TransactionAttributeSource]
15:33:49.765 [main] DEBUG org.springframework.boot.test.context.SpringBootTestContextBootstrapper - Skipping candidate TestExecutionListener [org.springframework.test.context.jdbc.SqlScriptsTestExecutionListener] due to a missing dependency. Specify custom listener classes or make the default listener classes and their required dependencies available. Offending class: [org/springframework/transaction/interceptor/TransactionAttribute]
15:33:49.766 [main] INFO org.springframework.boot.test.context.SpringBootTestContextBootstrapper - Using TestExecutionListeners: [org.springframework.test.context.web.ServletTestExecutionListener@223d2c72, org.springframework.test.context.support.DirtiesContextBeforeModesTestExecutionListener@8f4ea7c, org.springframework.boot.test.mock.mockito.MockitoTestExecutionListener@436813f3, org.springframework.boot.test.autoconfigure.SpringBootDependencyInjectionTestExecutionListener@74fe5c40, org.springframework.test.context.support.DirtiesContextTestExecutionListener@3febb011, org.springframework.boot.test.mock.mockito.ResetMocksTestExecutionListener@10e31a9a, org.springframework.boot.test.autoconfigure.restdocs.RestDocsTestExecutionListener@131774fe, org.springframework.boot.test.autoconfigure.web.client.MockRestServiceServerResetTestExecutionListener@158d2680, org.springframework.boot.test.autoconfigure.web.servlet.MockMvcPrintOnlyOnFailureTestExecutionListener@77847718, org.springframework.boot.test.autoconfigure.web.servlet.WebDriverTestExecutionListener@7f3b84b8]
15:33:49.767 [main] DEBUG org.springframework.test.annotation.ProfileValueUtils - Retrieved @ProfileValueSourceConfiguration [null] for test class [com.fcy.client.UruleClientApplicationTests]
15:33:49.768 [main] DEBUG org.springframework.test.annotation.ProfileValueUtils - Retrieved ProfileValueSource type [class org.springframework.test.annotation.SystemProfileValueSource] for class [com.fcy.client.UruleClientApplicationTests]
15:33:49.769 [main] DEBUG org.springframework.test.annotation.ProfileValueUtils - Retrieved @ProfileValueSourceConfiguration [null] for test class [com.fcy.client.UruleClientApplicationTests]
15:33:49.769 [main] DEBUG org.springframework.test.annotation.ProfileValueUtils - Retrieved ProfileValueSource type [class org.springframework.test.annotation.SystemProfileValueSource] for class [com.fcy.client.UruleClientApplicationTests]
15:33:49.770 [main] DEBUG org.springframework.test.annotation.ProfileValueUtils - Retrieved @ProfileValueSourceConfiguration [null] for test class [com.fcy.client.UruleClientApplicationTests]
15:33:49.770 [main] DEBUG org.springframework.test.annotation.ProfileValueUtils - Retrieved ProfileValueSource type [class org.springframework.test.annotation.SystemProfileValueSource] for class [com.fcy.client.UruleClientApplicationTests]
15:33:49.775 [main] DEBUG org.springframework.test.context.support.AbstractDirtiesContextTestExecutionListener - Before test class: context [DefaultTestContext@3349e9bb testClass = UruleClientApplicationTests, testInstance = [null], testMethod = [null], testException = [null], mergedContextConfiguration = [WebMergedContextConfiguration@409bf450 testClass = UruleClientApplicationTests, locations = '{}', classes = '{class com.fcy.client.UruleClientApplication}', contextInitializerClasses = '[]', activeProfiles = '{}', propertySourceLocations = '{}', propertySourceProperties = '{org.springframework.boot.test.context.SpringBootTestContextBootstrapper=true}', contextCustomizers = set[org.springframework.boot.test.context.filter.ExcludeFilterContextCustomizer@e874448, org.springframework.boot.test.json.DuplicateJsonObjectContextCustomizerFactory$DuplicateJsonObjectContextCustomizer@7113b13f, org.springframework.boot.test.mock.mockito.MockitoContextCustomizer@0, org.springframework.boot.test.web.client.TestRestTemplateContextCustomizer@6121c9d6, org.springframework.boot.test.autoconfigure.properties.PropertyMappingContextCustomizer@0, org.springframework.boot.test.autoconfigure.web.servlet.WebDriverContextCustomizerFactory$Customizer@3ecd23d9], resourceBasePath = 'src/main/webapp', contextLoader = 'org.springframework.boot.test.context.SpringBootContextLoader', parent = [null]], attributes = map['org.springframework.test.context.web.ServletTestExecutionListener.activateListener' -> true]], class annotated with @DirtiesContext [false] with mode [null].
15:33:49.776 [main] DEBUG org.springframework.test.annotation.ProfileValueUtils - Retrieved @ProfileValueSourceConfiguration [null] for test class [com.fcy.client.UruleClientApplicationTests]
15:33:49.776 [main] DEBUG org.springframework.test.annotation.ProfileValueUtils - Retrieved ProfileValueSource type [class org.springframework.test.annotation.SystemProfileValueSource] for class [com.fcy.client.UruleClientApplicationTests]
15:33:49.794 [main] DEBUG org.springframework.test.context.support.TestPropertySourceUtils - Adding inlined properties to environment: {spring.jmx.enabled=false, org.springframework.boot.test.context.SpringBootTestContextBootstrapper=true, server.port=-1}

  .   ____          _            __ _ _
 /\\ / ___'_ __ _ _(_)_ __  __ _ \ \ \ \
( ( )\___ | '_ | '_| | '_ \/ _` | \ \ \ \
 \\/  ___)| |_)| | | | | || (_| |  ) ) ) )
  '  |____| .__|_| |_|_| |_\__, | / / / /
 =========|_|==============|___/=/_/_/_/
 :: Spring Boot ::        (v2.1.4.RELEASE)

2019-06-27 15:33:49.955  INFO 61716 --- [           main] c.f.client.UruleClientApplicationTests   : Starting UruleClientApplicationTests on LAPTOP-TC49TH0A with PID 61716 (started by daill in D:\eclipse_workspace\urule-client)
2019-06-27 15:33:49.956  INFO 61716 --- [           main] c.f.client.UruleClientApplicationTests   : No active profile set, falling back to default profiles: default
2019-06-27 15:33:50.646  INFO 61716 --- [           main] o.s.c.a.ConfigurationClassEnhancer       : @Bean method RuleConfig.propertySourceLoader is non-static and returns an object assignable to Spring's BeanFactoryPostProcessor interface. This will result in a failure to process annotations such as @Autowired, @Resource and @PostConstruct within the method's declaring @Configuration class. Add the 'static' modifier to this method to avoid these container lifecycle issues; see @Bean javadoc for complete details.
Load built in actions...

_____  __________ _____  ________ ________________ 
__  / / /___  __ \__  / / /___  / ___  ____/__|__ \
_  / / / __  /_/ /_  / / / __  /  __  __/   ____/ /
/ /_/ /  _  _, _/ / /_/ /  _  /____  /___   _  __/ 
\____/   /_/ |_|  \____/   /_____//_____/   /____/ 
.....................................................................................................
.  uRule, is a Chinese style rule engine licensed under the Apache License 2.0,                     .
.  which is opensource, easy to use,high-performance, with browser-based-designer.                  .
.....................................................................................................

2019-06-27 15:33:51.185  INFO 61716 --- [           main] o.s.s.concurrent.ThreadPoolTaskExecutor  : Initializing ExecutorService 'applicationTaskExecutor'
2019-06-27 15:33:51.633  INFO 61716 --- [           main] c.f.client.UruleClientApplicationTests   : Started UruleClientApplicationTests in 1.83 seconds (JVM running for 2.429)
2019-06-27 15:33:51.734  INFO 61716 --- [           main] c.b.u.runtime.service.RemoteServiceImpl  : Load knowledgepackage from remote...
]]></system-out>
    <system-err><![CDATA[com.bstek.urule.RuleException: Server request was failed, Response message : null
	at com.bstek.urule.runtime.service.RemoteServiceImpl.sendRequest(RemoteServiceImpl.java:89)
	at com.bstek.urule.runtime.service.RemoteServiceImpl.getKnowledge(RemoteServiceImpl.java:49)
	at com.bstek.urule.runtime.service.KnowledgeServiceImpl.fetchKnowledgePackage(KnowledgeServiceImpl.java:88)
	at com.bstek.urule.runtime.service.KnowledgeServiceImpl.getKnowledge(KnowledgeServiceImpl.java:57)
	at com.fcy.client.UruleClientApplicationTests.st3(UruleClientApplicationTests.java:72)
	at com.fcy.client.UruleClientApplicationTests.contextLoads(UruleClientApplicationTests.java:24)
	at sun.reflect.NativeMethodAccessorImpl.invoke0(Native Method)
	at sun.reflect.NativeMethodAccessorImpl.invoke(NativeMethodAccessorImpl.java:62)
	at sun.reflect.DelegatingMethodAccessorImpl.invoke(DelegatingMethodAccessorImpl.java:43)
	at java.lang.reflect.Method.invoke(Method.java:498)
	at org.junit.runners.model.FrameworkMethod$1.runReflectiveCall(FrameworkMethod.java:50)
	at org.junit.internal.runners.model.ReflectiveCallable.run(ReflectiveCallable.java:12)
	at org.junit.runners.model.FrameworkMethod.invokeExplosively(FrameworkMethod.java:47)
	at org.junit.internal.runners.statements.InvokeMethod.evaluate(InvokeMethod.java:17)
	at org.springframework.test.context.junit4.statements.RunBeforeTestExecutionCallbacks.evaluate(RunBeforeTestExecutionCallbacks.java:74)
	at org.springframework.test.context.junit4.statements.RunAfterTestExecutionCallbacks.evaluate(RunAfterTestExecutionCallbacks.java:84)
	at org.springframework.test.context.junit4.statements.RunBeforeTestMethodCallbacks.evaluate(RunBeforeTestMethodCallbacks.java:75)
	at org.springframework.test.context.junit4.statements.RunAfterTestMethodCallbacks.evaluate(RunAfterTestMethodCallbacks.java:86)
	at org.springframework.test.context.junit4.statements.SpringRepeat.evaluate(SpringRepeat.java:84)
	at org.junit.runners.ParentRunner.runLeaf(ParentRunner.java:325)
	at org.springframework.test.context.junit4.SpringJUnit4ClassRunner.runChild(SpringJUnit4ClassRunner.java:251)
	at org.springframework.test.context.junit4.SpringJUnit4ClassRunner.runChild(SpringJUnit4ClassRunner.java:97)
	at org.junit.runners.ParentRunner$3.run(ParentRunner.java:290)
	at org.junit.runners.ParentRunner$1.schedule(ParentRunner.java:71)
	at org.junit.runners.ParentRunner.runChildren(ParentRunner.java:288)
	at org.junit.runners.ParentRunner.access$000(ParentRunner.java:58)
	at org.junit.runners.ParentRunner$2.evaluate(ParentRunner.java:268)
	at org.springframework.test.context.junit4.statements.RunBeforeTestClassCallbacks.evaluate(RunBeforeTestClassCallbacks.java:61)
	at org.springframework.test.context.junit4.statements.RunAfterTestClassCallbacks.evaluate(RunAfterTestClassCallbacks.java:70)
	at org.junit.runners.ParentRunner.run(ParentRunner.java:363)
	at org.springframework.test.context.junit4.SpringJUnit4ClassRunner.run(SpringJUnit4ClassRunner.java:190)
	at org.apache.maven.surefire.junit4.JUnit4Provider.execute(JUnit4Provider.java:365)
	at org.apache.maven.surefire.junit4.JUnit4Provider.executeWithRerun(JUnit4Provider.java:273)
	at org.apache.maven.surefire.junit4.JUnit4Provider.executeTestSet(JUnit4Provider.java:238)
	at org.apache.maven.surefire.junit4.JUnit4Provider.invoke(JUnit4Provider.java:159)
	at org.apache.maven.surefire.booter.ForkedBooter.invokeProviderInSameClassLoader(ForkedBooter.java:384)
	at org.apache.maven.surefire.booter.ForkedBooter.runSuitesInProcess(ForkedBooter.java:345)
	at org.apache.maven.surefire.booter.ForkedBooter.execute(ForkedBooter.java:126)
	at org.apache.maven.surefire.booter.ForkedBooter.main(ForkedBooter.java:418)
]]></system-err>
  </testcase>
</testsuite>